Build started 8/17/2017 10:46:00 AM.
     1>Project "F:\sgy_vs\LeetCode\LeetCodeProgram\LeetCodeProgram.vcxproj" on node 2 (build target(s)).
     1>InitializeBuildStatus:
         Touching "Debug\LeetCodeProgram.unsuccessfulbuild".
       ClCompile:
         C:\Program Files (x86)\Microsoft Visual Studio 10.0\VC\bin\CL.exe /c /ZI /nologo /W3 /WX- /Od /Oy- /D WIN32 /D _DEBUG /D _CONSOLE /D _UNICODE /D UNICODE /Gm /EHsc /RTC1 /MDd /GS /fp:precise /Zc:wchar_t /Zc:forScope /Fo"Debug\\" /Fd"Debug\vc100.pdb" /Gd /TP /analyze- /errorReport:prompt 31.cpp 32.cpp 34.cpp 36.cpp 37.cpp 38.cpp 39.cpp 40.cpp 41.cpp 42.cpp 43.cpp 44.cpp 45.cpp 46.cpp 47.cpp 48.cpp 49.cpp 50.cpp 51.cpp 52.cpp 54.cpp 55.cpp 56.cpp 57.cpp 58.cpp 59.cpp 60.cpp 61.cpp 65.cpp 66.cpp 67.cpp 68.cpp 69.cpp 70.cpp 72.cpp 73.cpp
         73.cpp
         72.cpp
         70.cpp
         69.cpp
     1>f:\sgy_vs\leetcode\leetcodeprogram\69.cpp(42): warning C4244: 'return' : conversion from '__int64' to 'int', possible loss of data
         68.cpp
     1>f:\sgy_vs\leetcode\leetcodeprogram\68.cpp(10): warning C4018: '<' : signed/unsigned mismatch
         67.cpp
         66.cpp
         65.cpp
         61.cpp
         60.cpp
         59.cpp
         58.cpp
     1>f:\sgy_vs\leetcode\leetcodeprogram\58.cpp(25): warning C4018: '<' : signed/unsigned mismatch
         57.cpp
     1>f:\sgy_vs\leetcode\leetcodeprogram\57.cpp(35): warning C4018: '<' : signed/unsigned mismatch
     1>f:\sgy_vs\leetcode\leetcodeprogram\57.cpp(54): warning C4018: '<' : signed/unsigned mismatch
     1>f:\sgy_vs\leetcode\leetcodeprogram\57.cpp(59): warning C4018: '<' : signed/unsigned mismatch
     1>f:\sgy_vs\leetcode\leetcodeprogram\57.cpp(64): warning C4018: '<' : signed/unsigned mismatch
         56.cpp
     1>f:\sgy_vs\leetcode\leetcodeprogram\56.cpp(33): warning C4018: '<' : signed/unsigned mismatch
         55.cpp
     1>f:\sgy_vs\leetcode\leetcodeprogram\55.cpp(11): warning C4018: '<' : signed/unsigned mismatch
     1>f:\sgy_vs\leetcode\leetcodeprogram\55.cpp(14): warning C4018: '>=' : signed/unsigned mismatch
         54.cpp
         52.cpp
         51.cpp
         50.cpp
         49.cpp
         Generating Code...
     1>f:\sgy_vs\leetcode\leetcodeprogram\69.cpp(53): warning C4715: 'mySqrt' : not all control paths return a value
         Compiling...
         48.cpp
         47.cpp
         46.cpp
     1>f:\sgy_vs\leetcode\leetcodeprogram\46.cpp(14): warning C4018: '<' : signed/unsigned mismatch
         45.cpp
         44.cpp
     1>f:\sgy_vs\leetcode\leetcodeprogram\44.cpp(17): warning C4018: '<' : signed/unsigned mismatch
     1>f:\sgy_vs\leetcode\leetcodeprogram\44.cpp(18): warning C4018: '<' : signed/unsigned mismatch
     1>f:\sgy_vs\leetcode\leetcodeprogram\44.cpp(47): warning C4018: '<' : signed/unsigned mismatch
     1>f:\sgy_vs\leetcode\leetcodeprogram\44.cpp(56): warning C4018: '<' : signed/unsigned mismatch
     1>f:\sgy_vs\leetcode\leetcodeprogram\44.cpp(60): warning C4018: '<' : signed/unsigned mismatch
     1>f:\sgy_vs\leetcode\leetcodeprogram\44.cpp(65): warning C4018: '<' : signed/unsigned mismatch
     1>f:\sgy_vs\leetcode\leetcodeprogram\44.cpp(66): warning C4018: '<' : signed/unsigned mismatch
         43.cpp
     1>f:\sgy_vs\leetcode\leetcodeprogram\43.cpp(22): warning C4018: '<' : signed/unsigned mismatch
     1>f:\sgy_vs\leetcode\leetcodeprogram\43.cpp(24): warning C4018: '<' : signed/unsigned mismatch
     1>f:\sgy_vs\leetcode\leetcodeprogram\43.cpp(26): warning C4018: '<' : signed/unsigned mismatch
         42.cpp
     1>f:\sgy_vs\leetcode\leetcodeprogram\42.cpp(15): warning C4018: '<' : signed/unsigned mismatch
     1>f:\sgy_vs\leetcode\leetcodeprogram\42.cpp(29): warning C4018: '<' : signed/unsigned mismatch
         41.cpp
     1>f:\sgy_vs\leetcode\leetcodeprogram\41.cpp(10): warning C4018: '<' : signed/unsigned mismatch
     1>f:\sgy_vs\leetcode\leetcodeprogram\41.cpp(11): warning C4018: '<=' : signed/unsigned mismatch
     1>f:\sgy_vs\leetcode\leetcodeprogram\41.cpp(18): warning C4018: '<' : signed/unsigned mismatch
         40.cpp
     1>f:\sgy_vs\leetcode\leetcodeprogram\40.cpp(13): warning C4018: '<' : signed/unsigned mismatch
         39.cpp
         38.cpp
     1>f:\sgy_vs\leetcode\leetcodeprogram\38.cpp(12): warning C4018: '<' : signed/unsigned mismatch
     1>f:\sgy_vs\leetcode\leetcodeprogram\38.cpp(14): warning C4018: '<' : signed/unsigned mismatch
     1>f:\sgy_vs\leetcode\leetcodeprogram\38.cpp(34): warning C4018: '<' : signed/unsigned mismatch
     1>f:\sgy_vs\leetcode\leetcodeprogram\38.cpp(36): warning C4018: '<' : signed/unsigned mismatch
         37.cpp
         36.cpp
     1>f:\sgy_vs\leetcode\leetcodeprogram\36.cpp(48): warning C4018: '<' : signed/unsigned mismatch
     1>f:\sgy_vs\leetcode\leetcodeprogram\36.cpp(49): warning C4018: '<' : signed/unsigned mismatch
         34.cpp
         32.cpp
     1>f:\sgy_vs\leetcode\leetcodeprogram\32.cpp(22): warning C4018: '<' : signed/unsigned mismatch
         31.cpp
         Generating Code...
       ManifestResourceCompile:
         All outputs are up-to-date.
       Link:
         C:\Program Files (x86)\Microsoft Visual Studio 10.0\VC\bin\link.exe /ERRORREPORT:PROMPT /OUT:"F:\sgy_vs\LeetCode\LeetCodeProgram\Debug\LeetCodeProgram.exe" /INCREMENTAL /NOLOGO kernel32.lib user32.lib gdi32.lib winspool.lib comdlg32.lib advapi32.lib shell32.lib ole32.lib oleaut32.lib uuid.lib odbc32.lib odbccp32.lib /MANIFEST /ManifestFile:"Debug\LeetCodeProgram.exe.intermediate.manifest" /MANIFESTUAC:"level='asInvoker' uiAccess='false'" /DEBUG /PDB:"F:\sgy_vs\LeetCode\LeetCodeProgram\Debug\LeetCodeProgram.pdb" /SUBSYSTEM:CONSOLE /TLBID:1 /DYNAMICBASE /NXCOMPAT /IMPLIB:"F:\sgy_vs\LeetCode\LeetCodeProgram\Debug\LeetCodeProgram.lib" /MACHINE:X86 Debug\LeetCodeProgram.exe.embed.manifest.res
         Debug\31.obj
         Debug\32.obj
         Debug\34.obj
         Debug\36.obj
         Debug\37.obj
         Debug\38.obj
         Debug\39.obj
         Debug\40.obj
         Debug\41.obj
         Debug\42.obj
         Debug\43.obj
         Debug\44.obj
         Debug\45.obj
         Debug\46.obj
         Debug\47.obj
         Debug\48.obj
         Debug\49.obj
         Debug\50.obj
         Debug\51.obj
         Debug\52.obj
         Debug\54.obj
         Debug\55.obj
         Debug\56.obj
         Debug\57.obj
         Debug\58.obj
         Debug\59.obj
         Debug\60.obj
         Debug\61.obj
         Debug\65.obj
         Debug\66.obj
         Debug\67.obj
         Debug\68.obj
         Debug\69.obj
         Debug\70.obj
         Debug\72.obj
         Debug\73.obj
       Manifest:
         C:\Program Files (x86)\Microsoft SDKs\Windows\v7.0A\bin\mt.exe /nologo /verbose /out:"Debug\LeetCodeProgram.exe.embed.manifest" /manifest Debug\LeetCodeProgram.exe.intermediate.manifest
         C:\Program Files (x86)\Microsoft SDKs\Windows\v7.0A\bin\rc.exe /nologo /fo"Debug\LeetCodeProgram.exe.embed.manifest.res" Debug\LeetCodeProgram_manifest.rc 
       LinkEmbedManifest:
         C:\Program Files (x86)\Microsoft Visual Studio 10.0\VC\bin\link.exe /ERRORREPORT:PROMPT /OUT:"F:\sgy_vs\LeetCode\LeetCodeProgram\Debug\LeetCodeProgram.exe" /INCREMENTAL /NOLOGO kernel32.lib user32.lib gdi32.lib winspool.lib comdlg32.lib advapi32.lib shell32.lib ole32.lib oleaut32.lib uuid.lib odbc32.lib odbccp32.lib /MANIFEST /ManifestFile:"Debug\LeetCodeProgram.exe.intermediate.manifest" /MANIFESTUAC:"level='asInvoker' uiAccess='false'" /DEBUG /PDB:"F:\sgy_vs\LeetCode\LeetCodeProgram\Debug\LeetCodeProgram.pdb" /SUBSYSTEM:CONSOLE /TLBID:1 /DYNAMICBASE /NXCOMPAT /IMPLIB:"F:\sgy_vs\LeetCode\LeetCodeProgram\Debug\LeetCodeProgram.lib" /MACHINE:X86 Debug\LeetCodeProgram.exe.embed.manifest.res
         Debug\31.obj
         Debug\32.obj
         Debug\34.obj
         Debug\36.obj
         Debug\37.obj
         Debug\38.obj
         Debug\39.obj
         Debug\40.obj
         Debug\41.obj
         Debug\42.obj
         Debug\43.obj
         Debug\44.obj
         Debug\45.obj
         Debug\46.obj
         Debug\47.obj
         Debug\48.obj
         Debug\49.obj
         Debug\50.obj
         Debug\51.obj
         Debug\52.obj
         Debug\54.obj
         Debug\55.obj
         Debug\56.obj
         Debug\57.obj
         Debug\58.obj
         Debug\59.obj
         Debug\60.obj
         Debug\61.obj
         Debug\65.obj
         Debug\66.obj
         Debug\67.obj
         Debug\68.obj
         Debug\69.obj
         Debug\70.obj
         Debug\72.obj
         Debug\73.obj
         LeetCodeProgram.vcxproj -> F:\sgy_vs\LeetCode\LeetCodeProgram\Debug\LeetCodeProgram.exe
       FinalizeBuildStatus:
         Deleting file "Debug\LeetCodeProgram.unsuccessfulbuild".
         Touching "Debug\LeetCodeProgram.lastbuildstate".
     1>Done Building Project "F:\sgy_vs\LeetCode\LeetCodeProgram\LeetCodeProgram.vcxproj" (build target(s)).

Build succeeded.

Time Elapsed 00:00:11.20
