F:\SGY_VS\LEETCODE\LEETCODEPROGRAM\DEBUG\31.OBJ
F:\SGY_VS\LEETCODE\LEETCODEPROGRAM\DEBUG\32.OBJ
F:\SGY_VS\LEETCODE\LEETCODEPROGRAM\DEBUG\34.OBJ
F:\SGY_VS\LEETCODE\LEETCODEPROGRAM\DEBUG\36.OBJ
F:\SGY_VS\LEETCODE\LEETCODEPROGRAM\DEBUG\37.OBJ
F:\SGY_VS\LEETCODE\LEETCODEPROGRAM\DEBUG\38.OBJ
F:\SGY_VS\LEETCODE\LEETCODEPROGRAM\DEBUG\39.OBJ
F:\SGY_VS\LEETCODE\LEETCODEPROGRAM\DEBUG\40.OBJ
F:\SGY_VS\LEETCODE\LEETCODEPROGRAM\DEBUG\41.OBJ
F:\SGY_VS\LEETCODE\LEETCODEPROGRAM\DEBUG\42.OBJ
F:\SGY_VS\LEETCODE\LEETCODEPROGRAM\DEBUG\43.OBJ
F:\SGY_VS\LEETCODE\LEETCODEPROGRAM\DEBUG\44.OBJ
F:\SGY_VS\LEETCODE\LEETCODEPROGRAM\DEBUG\45.OBJ
F:\SGY_VS\LEETCODE\LEETCODEPROGRAM\DEBUG\46.OBJ
F:\SGY_VS\LEETCODE\LEETCODEPROGRAM\DEBUG\47.OBJ
F:\SGY_VS\LEETCODE\LEETCODEPROGRAM\DEBUG\48.OBJ
F:\SGY_VS\LEETCODE\LEETCODEPROGRAM\DEBUG\49.OBJ
F:\SGY_VS\LEETCODE\LEETCODEPROGRAM\DEBUG\50.OBJ
F:\SGY_VS\LEETCODE\LEETCODEPROGRAM\DEBUG\51.OBJ
F:\SGY_VS\LEETCODE\LEETCODEPROGRAM\DEBUG\52.OBJ
F:\SGY_VS\LEETCODE\LEETCODEPROGRAM\DEBUG\54.OBJ
F:\SGY_VS\LEETCODE\LEETCODEPROGRAM\DEBUG\55.OBJ
F:\SGY_VS\LEETCODE\LEETCODEPROGRAM\DEBUG\56.OBJ
F:\SGY_VS\LEETCODE\LEETCODEPROGRAM\DEBUG\57.OBJ
F:\SGY_VS\LEETCODE\LEETCODEPROGRAM\DEBUG\58.OBJ
F:\SGY_VS\LEETCODE\LEETCODEPROGRAM\DEBUG\59.OBJ
F:\SGY_VS\LEETCODE\LEETCODEPROGRAM\DEBUG\60.OBJ
F:\SGY_VS\LEETCODE\LEETCODEPROGRAM\DEBUG\61.OBJ
F:\SGY_VS\LEETCODE\LEETCODEPROGRAM\DEBUG\65.OBJ
F:\SGY_VS\LEETCODE\LEETCODEPROGRAM\DEBUG\66.OBJ
F:\SGY_VS\LEETCODE\LEETCODEPROGRAM\DEBUG\67.OBJ
F:\SGY_VS\LEETCODE\LEETCODEPROGRAM\DEBUG\68.OBJ
F:\SGY_VS\LEETCODE\LEETCODEPROGRAM\DEBUG\69.OBJ
F:\SGY_VS\LEETCODE\LEETCODEPROGRAM\DEBUG\70.OBJ
F:\SGY_VS\LEETCODE\LEETCODEPROGRAM\DEBUG\72.OBJ
F:\SGY_VS\LEETCODE\LEETCODEPROGRAM\DEBUG\73.OBJ
F:\SGY_VS\LEETCODE\LEETCODEPROGRAM\DEBUG\74.OBJ
F:\SGY_VS\LEETCODE\LEETCODEPROGRAM\DEBUG\75.OBJ
F:\SGY_VS\LEETCODE\LEETCODEPROGRAM\DEBUG\76.OBJ
F:\SGY_VS\LEETCODE\LEETCODEPROGRAM\DEBUG\77.OBJ
F:\SGY_VS\LEETCODE\LEETCODEPROGRAM\DEBUG\78.OBJ
F:\SGY_VS\LEETCODE\LEETCODEPROGRAM\DEBUG\79.OBJ
F:\SGY_VS\LEETCODE\LEETCODEPROGRAM\DEBUG\80.OBJ
F:\SGY_VS\LEETCODE\LEETCODEPROGRAM\DEBUG\81.OBJ
F:\SGY_VS\LEETCODE\LEETCODEPROGRAM\DEBUG\82.OBJ
F:\SGY_VS\LEETCODE\LEETCODEPROGRAM\DEBUG\83.OBJ
F:\SGY_VS\LEETCODE\LEETCODEPROGRAM\DEBUG\84.OBJ
F:\SGY_VS\LEETCODE\LEETCODEPROGRAM\DEBUG\85.OBJ
F:\SGY_VS\LEETCODE\LEETCODEPROGRAM\DEBUG\86.OBJ
F:\SGY_VS\LEETCODE\LEETCODEPROGRAM\DEBUG\87SCRAMBLESTRING.OBJ
F:\SGY_VS\LEETCODE\LEETCODEPROGRAM\DEBUG\88MERGESORTEDARRAY.OBJ
F:\SGY_VS\LEETCODE\LEETCODEPROGRAM\DEBUG\89GRAYCODE.OBJ
F:\SGY_VS\LEETCODE\LEETCODEPROGRAM\DEBUG\90SUBSETSII.OBJ
F:\SGY_VS\LEETCODE\LEETCODEPROGRAM\DEBUG\91DECODEWAYS.OBJ
F:\sgy_vs\LeetCode\LeetCodeProgram\Debug\cl.command.1.tlog
F:\sgy_vs\LeetCode\LeetCodeProgram\Debug\CL.read.1.tlog
F:\sgy_vs\LeetCode\LeetCodeProgram\Debug\CL.write.1.tlog
F:\SGY_VS\LEETCODE\LEETCODEPROGRAM\DEBUG\LEETCODEPROGRAM.EXE
F:\SGY_VS\LEETCODE\LEETCODEPROGRAM\DEBUG\LEETCODEPROGRAM.EXE.EMBED.MANIFEST
F:\SGY_VS\LEETCODE\LEETCODEPROGRAM\DEBUG\LEETCODEPROGRAM.EXE.EMBED.MANIFEST.RES
F:\SGY_VS\LEETCODE\LEETCODEPROGRAM\DEBUG\LEETCODEPROGRAM.EXE.INTERMEDIATE.MANIFEST
F:\SGY_VS\LEETCODE\LEETCODEPROGRAM\DEBUG\LEETCODEPROGRAM.ILK
F:\SGY_VS\LEETCODE\LEETCODEPROGRAM\DEBUG\LEETCODEPROGRAM.PDB
F:\sgy_vs\LeetCode\LeetCodeProgram\Debug\LeetCodeProgram.write.1.tlog
F:\sgy_vs\LeetCode\LeetCodeProgram\Debug\LeetCodeProgram_manifest.rc
F:\sgy_vs\LeetCode\LeetCodeProgram\Debug\link.2908.read.1.tlog
F:\sgy_vs\LeetCode\LeetCodeProgram\Debug\link.2908.write.1.tlog
F:\sgy_vs\LeetCode\LeetCodeProgram\Debug\link.2908-cvtres.read.1.tlog
F:\sgy_vs\LeetCode\LeetCodeProgram\Debug\link.2908-cvtres.write.1.tlog
F:\sgy_vs\LeetCode\LeetCodeProgram\Debug\link.command.1.tlog
F:\sgy_vs\LeetCode\LeetCodeProgram\Debug\link.read.1.tlog
F:\sgy_vs\LeetCode\LeetCodeProgram\Debug\link.write.1.tlog
F:\sgy_vs\LeetCode\LeetCodeProgram\Debug\link-cvtres.read.1.tlog
F:\sgy_vs\LeetCode\LeetCodeProgram\Debug\link-cvtres.write.1.tlog
F:\sgy_vs\LeetCode\LeetCodeProgram\Debug\mt.command.1.tlog
F:\sgy_vs\LeetCode\LeetCodeProgram\Debug\mt.read.1.tlog
F:\sgy_vs\LeetCode\LeetCodeProgram\Debug\mt.write.1.tlog
F:\sgy_vs\LeetCode\LeetCodeProgram\Debug\rc.command.1.tlog
F:\sgy_vs\LeetCode\LeetCodeProgram\Debug\rc.read.1.tlog
F:\sgy_vs\LeetCode\LeetCodeProgram\Debug\rc.write.1.tlog
F:\sgy_vs\LeetCode\LeetCodeProgram\Debug\vc100.idb
F:\SGY_VS\LEETCODE\LEETCODEPROGRAM\DEBUG\VC100.PDB
